<?xml version="1.0" encoding="UTF-8"?>
<robot generator="Robot 7.4.1 (Python 3.11.0 on win32)" generated="2026-02-02T17:44:27.654202" rpa="false" schemaversion="5">
<suite id="s1" name="Suite" source="C:\Users\Ravinesh\PycharmProjects\PythonProject\Day-14Q1\suite.robot">
<kw name="Open Browser And Maximize" type="SETUP">
<kw name="Open Browser" owner="SeleniumLibrary">
<msg time="2026-02-02T17:44:28.292226" level="INFO">Opening browser 'Chrome' to base url 'https://www.google.com'.</msg>
<arg>${URL}</arg>
<arg>${BROWSER}</arg>
<doc>Opens a new browser instance to the optional ``url``.</doc>
<status status="PASS" start="2026-02-02T17:44:28.261964" elapsed="4.450139"/>
</kw>
<kw name="Maximize Browser Window" owner="SeleniumLibrary">
<doc>Maximizes current browser window.</doc>
<status status="PASS" start="2026-02-02T17:44:32.713101" elapsed="0.379045"/>
</kw>
<status status="PASS" start="2026-02-02T17:44:28.259960" elapsed="4.833189"/>
</kw>
<test id="s1-t1" name="Search In Google" line="23">
<kw name="Go To Home Page" type="SETUP">
<kw name="Go To" owner="SeleniumLibrary">
<msg time="2026-02-02T17:44:33.108960" level="INFO">Opening url 'https://www.google.com'</msg>
<arg>${URL}</arg>
<doc>Navigates the current browser window to the provided ``url``.</doc>
<status status="PASS" start="2026-02-02T17:44:33.107941" elapsed="1.089458"/>
</kw>
<status status="PASS" start="2026-02-02T17:44:33.106842" elapsed="1.090557"/>
</kw>
<kw name="Input Text" owner="SeleniumLibrary">
<msg time="2026-02-02T17:44:34.203980" level="INFO">Typing text 'Robot Framework' into text field 'name=q'.</msg>
<arg>name=q</arg>
<arg>Robot Framework</arg>
<doc>Types the given ``text`` into the text field identified by ``locator``.</doc>
<status status="PASS" start="2026-02-02T17:44:34.198394" elapsed="0.765510"/>
</kw>
<kw name="Press Keys" owner="SeleniumLibrary">
<msg time="2026-02-02T17:44:34.965941" level="INFO">Sending key(s) ('ENTER',) to name=q element.</msg>
<msg time="2026-02-02T17:44:35.442243" level="INFO">Pressing special key ENTER to element.</msg>
<msg time="2026-02-02T17:44:35.442243" level="INFO">Releasing special key ENTER.</msg>
<arg>name=q</arg>
<arg>ENTER</arg>
<doc>Simulates the user pressing key(s) to an element or on the active browser.</doc>
<status status="PASS" start="2026-02-02T17:44:34.965063" elapsed="0.501611"/>
</kw>
<kw name="Sleep" owner="BuiltIn">
<msg time="2026-02-02T17:44:37.471189" level="INFO">Slept 2 seconds.</msg>
<arg>2</arg>
<doc>Pauses the test executed for the given time.</doc>
<status status="PASS" start="2026-02-02T17:44:35.468707" elapsed="2.002482"/>
</kw>
<kw name="Capture Page Screenshot" owner="SeleniumLibrary" type="TEARDOWN">
<msg time="2026-02-02T17:44:37.631176" level="INFO" html="true">&lt;/td&gt;&lt;/tr&gt;&lt;tr&gt;&lt;td colspan="3"&gt;&lt;a href="selenium-screenshot-1.png"&gt;&lt;img src="selenium-screenshot-1.png" width="800px"&gt;&lt;/a&gt;</msg>
<doc>Takes a screenshot of the current page and embeds it into a log file.</doc>
<status status="PASS" start="2026-02-02T17:44:37.471189" elapsed="0.159987"/>
</kw>
<tag>google</tag>
<tag>smoke</tag>
<status status="PASS" start="2026-02-02T17:44:33.094151" elapsed="4.537025"/>
</test>
<test id="s1-t2" name="Verify Page Title" line="29">
<kw name="Go To Home Page" type="SETUP">
<kw name="Go To" owner="SeleniumLibrary">
<msg time="2026-02-02T17:44:37.633816" level="INFO">Opening url 'https://www.google.com'</msg>
<arg>${URL}</arg>
<doc>Navigates the current browser window to the provided ``url``.</doc>
<status status="PASS" start="2026-02-02T17:44:37.633816" elapsed="0.920062"/>
</kw>
<status status="PASS" start="2026-02-02T17:44:37.633816" elapsed="0.920062"/>
</kw>
<kw name="Title Should Be" owner="SeleniumLibrary">
<msg time="2026-02-02T17:44:38.578176" level="INFO">Page title is 'Google'.</msg>
<arg>Google</arg>
<doc>Verifies that the current page title equals ``title``.</doc>
<status status="PASS" start="2026-02-02T17:44:38.553878" elapsed="0.024298"/>
</kw>
<kw name="Capture Page Screenshot" owner="SeleniumLibrary" type="TEARDOWN">
<msg time="2026-02-02T17:44:38.698931" level="INFO" html="true">&lt;/td&gt;&lt;/tr&gt;&lt;tr&gt;&lt;td colspan="3"&gt;&lt;a href="selenium-screenshot-2.png"&gt;&lt;img src="selenium-screenshot-2.png" width="800px"&gt;&lt;/a&gt;</msg>
<doc>Takes a screenshot of the current page and embeds it into a log file.</doc>
<status status="PASS" start="2026-02-02T17:44:38.578176" elapsed="0.120755"/>
</kw>
<tag>regression</tag>
<status status="PASS" start="2026-02-02T17:44:37.632244" elapsed="1.066687"/>
</test>
<kw name="Close All Browsers" owner="SeleniumLibrary" type="TEARDOWN">
<doc>Closes all open browsers and resets the browser cache.</doc>
<status status="PASS" start="2026-02-02T17:44:38.704005" elapsed="2.196455"/>
</kw>
<status status="PASS" start="2026-02-02T17:44:27.657159" elapsed="13.243301"/>
</suite>
<statistics>
<total>
<stat pass="2" fail="0" skip="0">All Tests</stat>
</total>
<tag>
<stat pass="1" fail="0" skip="0">google</stat>
<stat pass="1" fail="0" skip="0">regression</stat>
<stat pass="1" fail="0" skip="0">smoke</stat>
</tag>
<suite>
<stat name="Suite" id="s1" pass="2" fail="0" skip="0">Suite</stat>
</suite>
</statistics>
<errors>
</errors>
</robot>
